{
  "RSpec": {
    "coverage": {
      "/Users/radunecsanu/Desktop/Projects/Ruby/bowling-challenge-ruby/spec/unit/game_spec.rb": {
        "lines": [
          1,
          null,
          1,
          null,
          21,
          null,
          null,
          null,
          null,
          null,
          null,
          null,
          2,
          null,
          null,
          null,
          2,
          null,
          null,
          null,
          null,
          null,
          null,
          null,
          1,
          null,
          null,
          null,
          6,
          2,
          2,
          1,
          null,
          2,
          null,
          1,
          1,
          5,
          null,
          null,
          null,
          1,
          1,
          null,
          null,
          1,
          2,
          null,
          null,
          1,
          2,
          null,
          null,
          1,
          2,
          null,
          null,
          1,
          2,
          null,
          null,
          1,
          2,
          null,
          null,
          null,
          null,
          null,
          null,
          1,
          1,
          5,
          5,
          10,
          null,
          null,
          null,
          null,
          1,
          1,
          5,
          5,
          10,
          null,
          null,
          null,
          null,
          1,
          1,
          1,
          5,
          5,
          10,
          null,
          null,
          null,
          null,
          null
        ]
      },
      "/Users/radunecsanu/Desktop/Projects/Ruby/bowling-challenge-ruby/lib/game.rb": {
        "lines": [
          null,
          1,
          1,
          null,
          1,
          25,
          25,
          25,
          25,
          null,
          null,
          1,
          25,
          95,
          90,
          85,
          null,
          null,
          null,
          1,
          5,
          5,
          0,
          0,
          null,
          null,
          1,
          0,
          null,
          null,
          null,
          null,
          1,
          0,
          0,
          0,
          null,
          null,
          1,
          0,
          0,
          null,
          0,
          null,
          null,
          1,
          0,
          0,
          0,
          0,
          null,
          null,
          null,
          1,
          0,
          null,
          null,
          1,
          0,
          null,
          null,
          1,
          0,
          0,
          null,
          null,
          1,
          0,
          null,
          null,
          1,
          0,
          0,
          0,
          0,
          null,
          null,
          1,
          0,
          0,
          null,
          null,
          1,
          0,
          0,
          0,
          null,
          null,
          1,
          0,
          null,
          null,
          1,
          0,
          0,
          0,
          null,
          null,
          1,
          0,
          0,
          0,
          null,
          null,
          1,
          0,
          0,
          0,
          0,
          null,
          null,
          1,
          0,
          0,
          0,
          null,
          null,
          1,
          0,
          0,
          0,
          0,
          null,
          null,
          1,
          0,
          0,
          0,
          null,
          null,
          1,
          5,
          4,
          null,
          null,
          1,
          4,
          3,
          2,
          1,
          null,
          null,
          1,
          50,
          null,
          null,
          null,
          null,
          null,
          null,
          null,
          null,
          null,
          null
        ]
      }
    },
    "timestamp": 1630285638
  }
}
