{
  "RSpec": {
    "coverage": {
      "/Users/ehijieaghedo/Projects/bowling-challenge-ruby/spec/bowling_game_spec.rb": {
        "lines": [
          1,
          null,
          null,
          1,
          null,
          1,
          1,
          1,
          21,
          1,
          null,
          null,
          null,
          1,
          1,
          1,
          21,
          1,
          null,
          null,
          null,
          1,
          1,
          1,
          1,
          1,
          1,
          18,
          null,
          1,
          null,
          null,
          null,
          1,
          1,
          1,
          1,
          1,
          1,
          17,
          1,
          null,
          null,
          null,
          1,
          1,
          1,
          13,
          1,
          null,
          null,
          null
        ]
      },
      "/Users/ehijieaghedo/Projects/bowling-challenge-ruby/lib/bowling_game.rb": {
        "lines": [
          1,
          null,
          1,
          5,
          null,
          null,
          1,
          91,
          null,
          null,
          1,
          5,
          5,
          5,
          50,
          11,
          11,
          39,
          1,
          1,
          null,
          38,
          38,
          null,
          null,
          5,
          null,
          null,
          1,
          null,
          1,
          50,
          null,
          null,
          1,
          39,
          null,
          null,
          1,
          11,
          null,
          null,
          1,
          1,
          null,
          null,
          1,
          38,
          null,
          null,
          null
        ]
      }
    },
    "timestamp": 1674429192
  }
}
