<?xml version='1.0'?> 
<!DOCTYPE coverage SYSTEM "http://cobertura.sourceforge.net/xml/coverage-04.dtd">
<!-- Generated by simplecov-cobertura version 2.1.0 (https://github.com/dashingrocket/simplecov-cobertura) -->
<coverage line-rate="1.0" lines-covered="444" lines-valid="444" complexity="0" version="0" timestamp="1685437384">
  <sources>
    <source>/Users/wimdavies/Projects/bowling-challenge-ruby</source>
  </sources>
  <packages>
    <package name="bowling-challenge-ruby" line-rate="1.0" complexity="0">
      <classes>
        <class name="frame" filename="lib/frame.rb" line-rate="1.0" complexity="0">
          <methods/>
          <lines>
            <line number="1" hits="1"/>
            <line number="2" hits="1"/>
            <line number="3" hits="1"/>
            <line number="5" hits="1"/>
            <line number="6" hits="284"/>
            <line number="7" hits="284"/>
            <line number="8" hits="284"/>
            <line number="9" hits="284"/>
            <line number="10" hits="284"/>
            <line number="11" hits="284"/>
            <line number="14" hits="1"/>
            <line number="15" hits="391"/>
            <line number="16" hits="390"/>
            <line number="18" hits="389"/>
            <line number="21" hits="1"/>
            <line number="22" hits="97"/>
            <line number="23" hits="28"/>
            <line number="25" hits="69"/>
            <line number="29" hits="1"/>
            <line number="30" hits="47"/>
            <line number="32" hits="47"/>
            <line number="35" hits="1"/>
            <line number="36" hits="556"/>
            <line number="39" hits="1"/>
            <line number="40" hits="173"/>
          </lines>
        </class>
        <class name="score_card" filename="lib/score_card.rb" line-rate="1.0" complexity="0">
          <methods/>
          <lines>
            <line number="1" hits="1"/>
            <line number="3" hits="1"/>
            <line number="4" hits="1"/>
            <line number="6" hits="1"/>
            <line number="7" hits="27"/>
            <line number="8" hits="27"/>
            <line number="9" hits="27"/>
            <line number="11" hits="27"/>
            <line number="12" hits="270"/>
            <line number="13" hits="270"/>
            <line number="14" hits="270"/>
            <line number="18" hits="1"/>
            <line number="19" hits="362"/>
            <line number="21" hits="362"/>
            <line number="23" hits="362"/>
            <line number="24" hits="43"/>
            <line number="25" hits="28"/>
            <line number="27" hits="15"/>
            <line number="30" hits="319"/>
            <line number="33" hits="362"/>
            <line number="36" hits="1"/>
            <line number="37" hits="14"/>
            <line number="38" hits="140"/>
            <line number="39" hits="140"/>
            <line number="41" hits="140"/>
            <line number="43" hits="14"/>
            <line number="45" hits="14"/>
            <line number="47" hits="112"/>
            <line number="52" hits="1"/>
            <line number="53" hits="4"/>
            <line number="55" hits="4"/>
            <line number="56" hits="4"/>
            <line number="57" hits="40"/>
            <line number="58" hits="40"/>
            <line number="60" hits="40"/>
            <line number="63" hits="4"/>
            <line number="66" hits="1"/>
            <line number="68" hits="1"/>
            <line number="69" hits="14"/>
            <line number="70" hits="2"/>
            <line number="71" hits="12"/>
            <line number="72" hits="4"/>
            <line number="76" hits="1"/>
            <line number="77" hits="14"/>
            <line number="78" hits="2"/>
            <line number="79" hits="12"/>
            <line number="80" hits="2"/>
            <line number="84" hits="1"/>
            <line number="85" hits="112"/>
            <line number="86" hits="4"/>
            <line number="87" hits="108"/>
            <line number="88" hits="9"/>
            <line number="89" hits="99"/>
            <line number="90" hits="3"/>
          </lines>
        </class>
        <class name="frame_spec" filename="spec/frame_spec.rb" line-rate="1.0" complexity="0">
          <methods/>
          <lines>
            <line number="1" hits="1"/>
            <line number="3" hits="1"/>
            <line number="4" hits="1"/>
            <line number="5" hits="1"/>
            <line number="6" hits="1"/>
            <line number="8" hits="1"/>
            <line number="12" hits="1"/>
            <line number="13" hits="1"/>
            <line number="14" hits="1"/>
            <line number="16" hits="1"/>
            <line number="17" hits="1"/>
            <line number="19" hits="1"/>
            <line number="22" hits="1"/>
            <line number="23" hits="1"/>
            <line number="25" hits="1"/>
            <line number="26" hits="1"/>
            <line number="27" hits="1"/>
            <line number="29" hits="2"/>
            <line number="32" hits="1"/>
            <line number="33" hits="1"/>
            <line number="35" hits="1"/>
            <line number="36" hits="1"/>
            <line number="37" hits="1"/>
            <line number="38" hits="1"/>
            <line number="40" hits="2"/>
            <line number="44" hits="1"/>
            <line number="45" hits="1"/>
            <line number="46" hits="1"/>
            <line number="48" hits="1"/>
            <line number="49" hits="1"/>
            <line number="50" hits="1"/>
            <line number="52" hits="1"/>
            <line number="55" hits="1"/>
            <line number="56" hits="1"/>
            <line number="58" hits="1"/>
            <line number="59" hits="1"/>
            <line number="60" hits="1"/>
            <line number="62" hits="1"/>
            <line number="65" hits="1"/>
            <line number="66" hits="1"/>
            <line number="67" hits="1"/>
            <line number="69" hits="1"/>
            <line number="70" hits="1"/>
            <line number="71" hits="1"/>
            <line number="72" hits="1"/>
            <line number="74" hits="1"/>
            <line number="77" hits="1"/>
            <line number="78" hits="1"/>
            <line number="79" hits="1"/>
            <line number="81" hits="1"/>
            <line number="82" hits="1"/>
            <line number="83" hits="1"/>
            <line number="84" hits="1"/>
            <line number="86" hits="1"/>
            <line number="90" hits="1"/>
            <line number="91" hits="1"/>
            <line number="92" hits="1"/>
            <line number="94" hits="1"/>
            <line number="95" hits="1"/>
            <line number="96" hits="1"/>
            <line number="97" hits="1"/>
            <line number="99" hits="1"/>
            <line number="102" hits="1"/>
            <line number="103" hits="1"/>
            <line number="105" hits="1"/>
            <line number="106" hits="1"/>
            <line number="108" hits="1"/>
            <line number="109" hits="1"/>
            <line number="111" hits="1"/>
            <line number="115" hits="1"/>
            <line number="116" hits="1"/>
            <line number="117" hits="1"/>
            <line number="119" hits="1"/>
            <line number="120" hits="1"/>
            <line number="122" hits="1"/>
            <line number="126" hits="1"/>
            <line number="127" hits="1"/>
            <line number="128" hits="1"/>
            <line number="130" hits="1"/>
            <line number="131" hits="1"/>
            <line number="132" hits="1"/>
            <line number="134" hits="1"/>
            <line number="135" hits="1"/>
            <line number="138" hits="1"/>
            <line number="139" hits="1"/>
            <line number="141" hits="1"/>
            <line number="142" hits="1"/>
            <line number="144" hits="1"/>
            <line number="145" hits="1"/>
            <line number="148" hits="1"/>
            <line number="149" hits="1"/>
            <line number="151" hits="1"/>
            <line number="152" hits="1"/>
            <line number="153" hits="1"/>
            <line number="155" hits="1"/>
            <line number="156" hits="1"/>
          </lines>
        </class>
        <class name="score_card_integration_spec" filename="spec/score_card_integration_spec.rb" line-rate="1.0" complexity="0">
          <methods/>
          <lines>
            <line number="1" hits="1"/>
            <line number="2" hits="1"/>
            <line number="4" hits="1"/>
            <line number="5" hits="1"/>
            <line number="6" hits="1"/>
            <line number="8" hits="1"/>
            <line number="9" hits="1"/>
            <line number="10" hits="1"/>
            <line number="11" hits="1"/>
            <line number="12" hits="1"/>
            <line number="13" hits="1"/>
            <line number="14" hits="1"/>
            <line number="15" hits="1"/>
            <line number="16" hits="1"/>
            <line number="17" hits="1"/>
            <line number="18" hits="1"/>
            <line number="21" hits="1"/>
            <line number="22" hits="1"/>
            <line number="24" hits="1"/>
            <line number="25" hits="1"/>
            <line number="26" hits="1"/>
            <line number="28" hits="1"/>
            <line number="29" hits="1"/>
            <line number="32" hits="1"/>
            <line number="33" hits="1"/>
            <line number="35" hits="1"/>
            <line number="36" hits="1"/>
            <line number="38" hits="1"/>
            <line number="39" hits="1"/>
            <line number="42" hits="1"/>
            <line number="43" hits="1"/>
            <line number="45" hits="1"/>
            <line number="47" hits="1"/>
            <line number="48" hits="1"/>
            <line number="51" hits="1"/>
            <line number="52" hits="1"/>
            <line number="55" hits="1"/>
            <line number="56" hits="18"/>
            <line number="58" hits="1"/>
            <line number="60" hits="1"/>
            <line number="61" hits="1"/>
            <line number="62" hits="1"/>
            <line number="63" hits="1"/>
            <line number="65" hits="1"/>
            <line number="66" hits="1"/>
            <line number="67" hits="1"/>
            <line number="70" hits="1"/>
            <line number="71" hits="1"/>
            <line number="74" hits="1"/>
            <line number="75" hits="18"/>
            <line number="79" hits="1"/>
            <line number="80" hits="1"/>
            <line number="81" hits="1"/>
            <line number="82" hits="1"/>
            <line number="83" hits="1"/>
            <line number="84" hits="1"/>
            <line number="87" hits="1"/>
            <line number="88" hits="1"/>
            <line number="89" hits="1"/>
            <line number="90" hits="1"/>
            <line number="91" hits="1"/>
            <line number="92" hits="1"/>
            <line number="95" hits="1"/>
            <line number="96" hits="1"/>
            <line number="99" hits="1"/>
            <line number="100" hits="18"/>
            <line number="104" hits="1"/>
            <line number="105" hits="1"/>
            <line number="106" hits="1"/>
            <line number="107" hits="1"/>
            <line number="108" hits="1"/>
            <line number="109" hits="1"/>
            <line number="112" hits="1"/>
            <line number="113" hits="1"/>
            <line number="116" hits="1"/>
            <line number="117" hits="18"/>
            <line number="121" hits="1"/>
            <line number="123" hits="1"/>
            <line number="124" hits="1"/>
            <line number="125" hits="1"/>
            <line number="126" hits="1"/>
            <line number="127" hits="1"/>
            <line number="128" hits="1"/>
            <line number="131" hits="1"/>
            <line number="132" hits="1"/>
            <line number="135" hits="1"/>
            <line number="136" hits="18"/>
            <line number="140" hits="1"/>
            <line number="142" hits="1"/>
            <line number="143" hits="1"/>
            <line number="144" hits="1"/>
            <line number="145" hits="1"/>
            <line number="146" hits="1"/>
            <line number="147" hits="1"/>
            <line number="148" hits="1"/>
            <line number="151" hits="1"/>
            <line number="152" hits="1"/>
            <line number="154" hits="1"/>
            <line number="156" hits="1"/>
            <line number="159" hits="1"/>
            <line number="160" hits="1"/>
            <line number="162" hits="1"/>
            <line number="163" hits="18"/>
            <line number="166" hits="1"/>
            <line number="167" hits="1"/>
            <line number="168" hits="1"/>
            <line number="170" hits="1"/>
            <line number="173" hits="1"/>
            <line number="174" hits="1"/>
            <line number="176" hits="1"/>
            <line number="177" hits="1"/>
            <line number="178" hits="1"/>
            <line number="179" hits="1"/>
            <line number="181" hits="1"/>
            <line number="182" hits="1"/>
            <line number="183" hits="1"/>
            <line number="185" hits="1"/>
            <line number="186" hits="1"/>
            <line number="187" hits="1"/>
            <line number="190" hits="1"/>
            <line number="191" hits="1"/>
            <line number="193" hits="1"/>
            <line number="194" hits="1"/>
            <line number="195" hits="1"/>
            <line number="197" hits="1"/>
            <line number="198" hits="1"/>
            <line number="199" hits="1"/>
            <line number="202" hits="1"/>
            <line number="203" hits="1"/>
            <line number="205" hits="1"/>
            <line number="206" hits="1"/>
            <line number="207" hits="1"/>
            <line number="209" hits="1"/>
            <line number="210" hits="1"/>
            <line number="212" hits="1"/>
            <line number="213" hits="1"/>
            <line number="215" hits="1"/>
            <line number="216" hits="1"/>
            <line number="217" hits="1"/>
            <line number="220" hits="1"/>
            <line number="221" hits="1"/>
            <line number="224" hits="1"/>
            <line number="225" hits="16"/>
            <line number="229" hits="1"/>
            <line number="230" hits="1"/>
            <line number="231" hits="1"/>
            <line number="234" hits="1"/>
            <line number="235" hits="1"/>
            <line number="237" hits="1"/>
            <line number="238" hits="1"/>
            <line number="240" hits="1"/>
            <line number="241" hits="1"/>
            <line number="242" hits="1"/>
            <line number="245" hits="1"/>
            <line number="246" hits="1"/>
            <line number="248" hits="1"/>
            <line number="250" hits="1"/>
            <line number="251" hits="1"/>
            <line number="253" hits="1"/>
            <line number="255" hits="1"/>
            <line number="257" hits="1"/>
            <line number="258" hits="1"/>
            <line number="259" hits="1"/>
            <line number="262" hits="1"/>
            <line number="263" hits="1"/>
            <line number="265" hits="1"/>
            <line number="267" hits="1"/>
            <line number="269" hits="1"/>
            <line number="270" hits="1"/>
            <line number="272" hits="1"/>
            <line number="274" hits="1"/>
            <line number="275" hits="1"/>
            <line number="277" hits="1"/>
            <line number="278" hits="1"/>
            <line number="279" hits="1"/>
            <line number="281" hits="1"/>
            <line number="282" hits="1"/>
            <line number="283" hits="1"/>
            <line number="286" hits="1"/>
            <line number="287" hits="1"/>
            <line number="290" hits="1"/>
            <line number="291" hits="16"/>
            <line number="294" hits="1"/>
            <line number="295" hits="1"/>
            <line number="297" hits="1"/>
            <line number="298" hits="1"/>
            <line number="299" hits="1"/>
            <line number="301" hits="1"/>
            <line number="303" hits="1"/>
            <line number="306" hits="1"/>
            <line number="307" hits="1"/>
            <line number="310" hits="1"/>
            <line number="311" hits="16"/>
            <line number="314" hits="1"/>
            <line number="316" hits="1"/>
            <line number="317" hits="1"/>
            <line number="319" hits="1"/>
            <line number="321" hits="1"/>
            <line number="325" hits="1"/>
            <line number="326" hits="1"/>
            <line number="329" hits="1"/>
            <line number="330" hits="18"/>
            <line number="333" hits="1"/>
            <line number="334" hits="1"/>
            <line number="336" hits="1"/>
            <line number="338" hits="1"/>
            <line number="340" hits="1"/>
            <line number="343" hits="1"/>
            <line number="344" hits="1"/>
            <line number="347" hits="1"/>
            <line number="348" hits="18"/>
            <line number="351" hits="1"/>
            <line number="353" hits="1"/>
            <line number="354" hits="1"/>
            <line number="356" hits="1"/>
            <line number="358" hits="1"/>
            <line number="361" hits="1"/>
            <line number="362" hits="1"/>
            <line number="365" hits="1"/>
            <line number="366" hits="18"/>
            <line number="369" hits="1"/>
            <line number="371" hits="1"/>
            <line number="372" hits="1"/>
            <line number="374" hits="1"/>
            <line number="376" hits="1"/>
            <line number="379" hits="1"/>
            <line number="380" hits="1"/>
            <line number="383" hits="1"/>
            <line number="384" hits="18"/>
            <line number="387" hits="1"/>
            <line number="389" hits="1"/>
            <line number="390" hits="1"/>
            <line number="392" hits="1"/>
            <line number="394" hits="1"/>
            <line number="397" hits="1"/>
            <line number="398" hits="1"/>
            <line number="400" hits="21"/>
            <line number="402" hits="1"/>
            <line number="405" hits="1"/>
            <line number="406" hits="1"/>
            <line number="408" hits="21"/>
            <line number="410" hits="1"/>
            <line number="413" hits="1"/>
            <line number="414" hits="1"/>
            <line number="416" hits="1"/>
            <line number="417" hits="1"/>
            <line number="419" hits="1"/>
            <line number="420" hits="1"/>
            <line number="422" hits="1"/>
            <line number="423" hits="1"/>
            <line number="425" hits="1"/>
            <line number="427" hits="1"/>
            <line number="428" hits="1"/>
            <line number="430" hits="1"/>
            <line number="431" hits="1"/>
            <line number="433" hits="1"/>
            <line number="434" hits="1"/>
            <line number="436" hits="1"/>
            <line number="437" hits="1"/>
            <line number="439" hits="1"/>
            <line number="440" hits="1"/>
            <line number="442" hits="1"/>
            <line number="443" hits="1"/>
            <line number="444" hits="1"/>
            <line number="446" hits="1"/>
            <line number="449" hits="1"/>
            <line number="450" hits="1"/>
            <line number="452" hits="13"/>
            <line number="454" hits="1"/>
          </lines>
        </class>
      </classes>
    </package>
  </packages>
</coverage>